This is METAFONT, Version 2.718281 (MiKTeX 2.8) (preloaded base=mf 2014.7.7)  7 JUL 2014 18:26
**if_i_loved_you.raw.orig if_i_loved_you.raw

(C:\Users\chris\Documents\RAD Studio\Projects\orchestra\scores\if_i_loved_you\i
f_i_loved_you.raw.orig
! Text line contains an invalid character.
l.1 ^^fe
        ^^ff^^@^^@^^ff^^ff^^@^^@^^fe^^ff^^fe^^ff^^fe^^ff^^ff^^ff^^@^^@^^@^^@...
A funny symbol that I can't read has just been input.
Continue, and I'll forget that it ever happened.

! Text line contains an invalid character.
l.1 ^^fe^^ff
            ^^@^^@^^ff^^ff^^@^^@^^fe^^ff^^fe^^ff^^fe^^ff^^ff^^ff^^@^^@^^@^^@...
A funny symbol that I can't read has just been input.
Continue, and I'll forget that it ever happened.

! Text line contains an invalid character.
l.1 ^^fe^^ff^^@
               ^^@^^ff^^ff^^@^^@^^fe^^ff^^fe^^ff^^fe^^ff^^ff^^ff^^@^^@^^@^^@...
A funny symbol that I can't read has just been input.
Continue, and I'll forget that it ever happened.

! Text line contains an invalid character.
l.1 ^^fe^^ff^^@^^@
                  ^^ff^^ff^^@^^@^^fe^^ff^^fe^^ff^^fe^^ff^^ff^^ff^^@^^@^^@^^@...
A funny symbol that I can't read has just been input.
Continue, and I'll forget that it ever happened.

! Text line contains an invalid character.
l.1 ^^fe^^ff^^@^^@^^ff
                      ^^ff^^@^^@^^fe^^ff^^fe^^ff^^fe^^ff^^ff^^ff^^@^^@^^@^^@...
A funny symbol that I can't read has just been input.
Continue, and I'll forget that it ever happened.

! Text line contains an invalid character.
l.1 ^^fe^^ff^^@^^@^^ff^^ff
                          ^^@^^@^^fe^^ff^^fe^^ff^^fe^^ff^^ff^^ff^^@^^@^^@^^@...
A funny symbol that I can't read has just been input.
Continue, and I'll forget that it ever happened.

! Text line contains an invalid character.
l.1 ^^fe^^ff^^@^^@^^ff^^ff^^@
                             ^^@^^fe^^ff^^fe^^ff^^fe^^ff^^ff^^ff^^@^^@^^@^^@...
A funny symbol that I can't read has just been input.
Continue, and I'll forget that it ever happened.

! Text line contains an invalid character.
l.1 ^^fe^^ff^^@^^@^^ff^^ff^^@^^@
                                ^^fe^^ff^^fe^^ff^^fe^^ff^^ff^^ff^^@^^@^^@^^@...
A funny symbol that I can't read has just been input.
Continue, and I'll forget that it ever happened.

! Text line contains an invalid character.
l.1 ^^fe^^ff^^@^^@^^ff^^ff^^@^^@^^fe
                                    ^^ff^^fe^^ff^^fe^^ff^^ff^^ff^^@^^@^^@^^@...
A funny symbol that I can't read has just been input.
Continue, and I'll forget that it ever happened.

! Text line contains an invalid character.
l.1 ^^fe^^ff^^@^^@^^ff^^ff^^@^^@^^fe^^ff
                                        ^^fe^^ff^^fe^^ff^^ff^^ff^^@^^@^^@^^@...
A funny symbol that I can't read has just been input.
Continue, and I'll forget that it ever happened.

! Text line contains an invalid character.
l.1 ^^fe^^ff^^@^^@^^ff^^ff^^@^^@^^fe^^ff^^fe
                                            ^^ff^^fe^^ff^^ff^^ff^^@^^@^^@^^@...
A funny symbol that I can't read has just been input.
Continue, and I'll forget that it ever happened.

! Text line contains an invalid character.
l.1 ^^fe^^ff^^@^^@^^ff^^ff^^@^^@^^fe^^ff^^fe^^ff
                                                ^^fe^^ff^^ff^^ff^^@^^@^^@^^@...
A funny symbol that I can't read has just been input.
Continue, and I'll forget that it ever happened.

! Text line contains an invalid character.
l.1 ...^ff^^@^^@^^ff^^ff^^@^^@^^fe^^ff^^fe^^ff^^fe
                                                  ^^ff^^ff^^ff^^@^^@^^@^^@^^...
A funny symbol that I can't read has just been input.
Continue, and I'll forget that it ever happened.

! Text line contains an invalid character.
l.1 ...^@^^@^^ff^^ff^^@^^@^^fe^^ff^^fe^^ff^^fe^^ff
                                                  ^^ff^^ff^^@^^@^^@^^@^^@^^@...
A funny symbol that I can't read has just been input.
Continue, and I'll forget that it ever happened.

! Text line contains an invalid character.
l.1 ...@^^ff^^ff^^@^^@^^fe^^ff^^fe^^ff^^fe^^ff^^ff
                                                  ^^ff^^@^^@^^@^^@^^@^^@^^ff...
A funny symbol that I can't read has just been input.
Continue, and I'll forget that it ever happened.

! Text line contains an invalid character.
l.1 ...f^^ff^^@^^@^^fe^^ff^^fe^^ff^^fe^^ff^^ff^^ff
                                                  ^^@^^@^^@^^@^^@^^@^^ff^^ff...
A funny symbol that I can't read has just been input.
Continue, and I'll forget that it ever happened.

! Text line contains an invalid character.
l.1 ...ff^^@^^@^^fe^^ff^^fe^^ff^^fe^^ff^^ff^^ff^^@
                                                  ^^@^^@^^@^^@^^@^^ff^^ff^^@...
A funny symbol that I can't read has just been input.
Continue, and I'll forget that it ever happened.

! Text line contains an invalid character.
l.1 ...^@^^@^^fe^^ff^^fe^^ff^^fe^^ff^^ff^^ff^^@^^@
                                                  ^^@^^@^^@^^@^^ff^^ff^^@^^@...
A funny symbol that I can't read has just been input.
Continue, and I'll forget that it ever happened.

! Text line contains an invalid character.
l.1 ...^@^^fe^^ff^^fe^^ff^^fe^^ff^^ff^^ff^^@^^@^^@
                                                  ^^@^^@^^@^^ff^^ff^^@^^@^^f...
A funny symbol that I can't read has just been input.
Continue, and I'll forget that it ever happened.

! Text line contains an invalid character.
l.1 ...^fe^^ff^^fe^^ff^^fe^^ff^^ff^^ff^^@^^@^^@^^@
                                                  ^^@^^@^^ff^^ff^^@^^@^^ff^^...
A funny symbol that I can't read has just been input.
Continue, and I'll forget that it ever happened.

! Text line contains an invalid character.
l.1 ...^^ff^^fe^^ff^^fe^^ff^^ff^^ff^^@^^@^^@^^@^^@
                                                  ^^@^^ff^^ff^^@^^@^^ff^^ff^...
A funny symbol that I can't read has just been input.
Continue, and I'll forget that it ever happened.

! Text line contains an invalid character.
l.1 ...f^^fe^^ff^^fe^^ff^^ff^^ff^^@^^@^^@^^@^^@^^@
                                                  ^^ff^^ff^^@^^@^^ff^^ff^^@^...
A funny symbol that I can't read has just been input.
Continue, and I'll forget that it ever happened.

! Text line contains an invalid character.
l.1 ...e^^ff^^fe^^ff^^ff^^ff^^@^^@^^@^^@^^@^^@^^ff
                                                  ^^ff^^@^^@^^ff^^ff^^@^^@^^...
A funny symbol that I can't read has just been input.
Continue, and I'll forget that it ever happened.

! Text line contains an invalid character.
l.1 ...f^^fe^^ff^^ff^^ff^^@^^@^^@^^@^^@^^@^^ff^^ff
                                                  ^^@^^@^^ff^^ff^^@^^@^^ff^^...
A funny symbol that I can't read has just been input.
Continue, and I'll forget that it ever happened.

! Text line contains an invalid character.
l.1 ...fe^^ff^^ff^^ff^^@^^@^^@^^@^^@^^@^^ff^^ff^^@
                                                  ^^@^^ff^^ff^^@^^@^^ff^^ff^...
A funny symbol that I can't read has just been input.
Continue, and I'll forget that it ever happened.

! Text line contains an invalid character.
l.1 ...^ff^^ff^^ff^^@^^@^^@^^@^^@^^@^^ff^^ff^^@^^@
                                                  ^^ff^^ff^^@^^@^^ff^^ff^^@^...
A funny symbol that I can't read has just been input.
Continue, and I'll forget that it ever happened.

! Text line contains an invalid character.
l.1 ...^ff^^ff^^@^^@^^@^^@^^@^^@^^ff^^ff^^@^^@^^ff
                                                  ^^ff^^@^^@^^ff^^ff^^@^^@^^...
A funny symbol that I can't read has just been input.
Continue, and I'll forget that it ever happened.

! Text line contains an invalid character.
l.1 ...^ff^^@^^@^^@^^@^^@^^@^^ff^^ff^^@^^@^^ff^^ff
                                                  ^^@^^@^^ff^^ff^^@^^@^^ff^^...
A funny symbol that I can't read has just been input.
Continue, and I'll forget that it ever happened.

! Text line contains an invalid character.
l.1 ...^^@^^@^^@^^@^^@^^@^^ff^^ff^^@^^@^^ff^^ff^^@
                                                  ^^@^^ff^^ff^^@^^@^^ff^^ff^...
A funny symbol that I can't read has just been input.
Continue, and I'll forget that it ever happened.

! Text line contains an invalid character.
l.1 ...^^@^^@^^@^^@^^@^^ff^^ff^^@^^@^^ff^^ff^^@^^@
                                                  ^^ff^^ff^^@^^@^^ff^^ff^^ff...
A funny symbol that I can't read has just been input.
Continue, and I'll forget that it ever happened.

! Text line contains an invalid character.
l.1 ...^@^^@^^@^^@^^ff^^ff^^@^^@^^ff^^ff^^@^^@^^ff
                                                  ^^ff^^@^^@^^ff^^ff^^ff^^ff...
A funny symbol that I can't read has just been input.
Continue, and I'll forget that it ever happened.

! Text line contains an invalid character.
l.1 ...@^^@^^@^^ff^^ff^^@^^@^^ff^^ff^^@^^@^^ff^^ff
                                                  ^^@^^@^^ff^^ff^^ff^^ff^^@^...
A funny symbol that I can't read has just been input.
Continue, and I'll forget that it ever happened.

! Text line contains an invalid character.
l.1 ...@^^@^^ff^^ff^^@^^@^^ff^^ff^^@^^@^^ff^^ff^^@
                                                  ^^@^^ff^^ff^^ff^^ff^^@^^@^...
A funny symbol that I can't read has just been input.
Continue, and I'll forget that it ever happened.

! Text line contains an invalid character.
l.1 ...@^^ff^^ff^^@^^@^^ff^^ff^^@^^@^^ff^^ff^^@^^@
                                                  ^^ff^^ff^^ff^^ff^^@^^@^^@^...
A funny symbol that I can't read has just been input.
Continue, and I'll forget that it ever happened.

! Text line contains an invalid character.
l.1 ...f^^ff^^@^^@^^ff^^ff^^@^^@^^ff^^ff^^@^^@^^ff
                                                  ^^ff^^ff^^ff^^@^^@^^@^^@^^...
A funny symbol that I can't read has just been input.
Continue, and I'll forget that it ever happened.

! Text line contains an invalid character.
l.1 ...f^^@^^@^^ff^^ff^^@^^@^^ff^^ff^^@^^@^^ff^^ff
                                                  ^^ff^^ff^^@^^@^^@^^@^^@^^@...
A funny symbol that I can't read has just been input.
Continue, and I'll forget that it ever happened.

! Text line contains an invalid character.
l.1 ...^^@^^ff^^ff^^@^^@^^ff^^ff^^@^^@^^ff^^ff^^ff
                                                  ^^ff^^@^^@^^@^^@^^@^^@^^@^...
A funny symbol that I can't read has just been input.
Continue, and I'll forget that it ever happened.

! Text line contains an invalid character.
l.1 ...^ff^^ff^^@^^@^^ff^^ff^^@^^@^^ff^^ff^^ff^^ff
                                                  ^^@^^@^^@^^@^^@^^@^^@^^@^^...
A funny symbol that I can't read has just been input.
Continue, and I'll forget that it ever happened.

! Text line contains an invalid character.
l.1 ...^^ff^^@^^@^^ff^^ff^^@^^@^^ff^^ff^^ff^^ff^^@
                                                  ^^@^^@^^@^^@^^@^^@^^@^^fe^...
A funny symbol that I can't read has just been input.
Continue, and I'll forget that it ever happened.

! Text line contains an invalid character.
l.1 ...f^^@^^@^^ff^^ff^^@^^@^^ff^^ff^^ff^^ff^^@^^@
                                                  ^^@^^@^^@^^@^^@^^@^^fe^^ff...
A funny symbol that I can't read has just been input.
Continue, and I'll forget that it ever happened.

! Text line contains an invalid character.
l.1 ...@^^@^^ff^^ff^^@^^@^^ff^^ff^^ff^^ff^^@^^@^^@
                                                  ^^@^^@^^@^^@^^@^^fe^^ff^^f...
A funny symbol that I can't read has just been input.
Continue, and I'll forget that it ever happened.

! Text line contains an invalid character.
l.1 ...@^^ff^^ff^^@^^@^^ff^^ff^^ff^^ff^^@^^@^^@^^@
                                                  ^^@^^@^^@^^@^^fe^^ff^^fe^^...
A funny symbol that I can't read has just been input.
Continue, and I'll forget that it ever happened.

! Text line contains an invalid character.
l.1 ...ff^^ff^^@^^@^^ff^^ff^^ff^^ff^^@^^@^^@^^@^^@
                                                  ^^@^^@^^@^^fe^^ff^^fe^^ff^...
A funny symbol that I can't read has just been input.
Continue, and I'll forget that it ever happened.

! Text line contains an invalid character.
l.1 ...^ff^^@^^@^^ff^^ff^^ff^^ff^^@^^@^^@^^@^^@^^@
                                                  ^^@^^@^^fe^^ff^^fe^^ff^^fd...
A funny symbol that I can't read has just been input.
Continue, and I'll forget that it ever happened.

! Text line contains an invalid character.
l.1 ...^^@^^@^^ff^^ff^^ff^^ff^^@^^@^^@^^@^^@^^@^^@
                                                  ^^@^^fe^^ff^^fe^^ff^^fd^^f...
A funny symbol that I can't read has just been input.
Continue, and I'll forget that it ever happened.

! Text line contains an invalid character.
l.1 ...^^@^^ff^^ff^^ff^^ff^^@^^@^^@^^@^^@^^@^^@^^@
                                                  ^^fe^^ff^^fe^^ff^^fd^^ff^^...
A funny symbol that I can't read has just been input.
Continue, and I'll forget that it ever happened.

! Text line contains an invalid character.
l.1 ...^ff^^ff^^ff^^ff^^@^^@^^@^^@^^@^^@^^@^^@^^fe
                                                  ^^ff^^fe^^ff^^fd^^ff^^@^^@...
A funny symbol that I can't read has just been input.
Continue, and I'll forget that it ever happened.

! Text line contains an invalid character.
l.1 ...^ff^^ff^^ff^^@^^@^^@^^@^^@^^@^^@^^@^^fe^^ff
                                                  ^^fe^^ff^^fd^^ff^^@^^@^^ff...
A funny symbol that I can't read has just been input.
Continue, and I'll forget that it ever happened.

! Text line contains an invalid character.
l.1 ...^ff^^ff^^@^^@^^@^^@^^@^^@^^@^^@^^fe^^ff^^fe
                                                  ^^ff^^fd^^ff^^@^^@^^ff^^ff...
A funny symbol that I can't read has just been input.
Continue, and I'll forget that it ever happened.

! Text line contains an invalid character.
l.1 ...^ff^^@^^@^^@^^@^^@^^@^^@^^@^^fe^^ff^^fe^^ff
                                                  ^^fd^^ff^^@^^@^^ff^^ff^^fe...
A funny symbol that I can't read has just been input.
Continue, and I'll forget that it ever happened.

! Text line contains an invalid character.
l.1 ...^@^^@^^@^^@^^@^^@^^@^^@^^fe^^ff^^fe^^ff^^fd
                                                  ^^ff^^@^^@^^ff^^ff^^fe^^ff...
A funny symbol that I can't read has just been input.
Continue, and I'll forget that it ever happened.

! Text line contains an invalid character.
l.1 ...@^^@^^@^^@^^@^^@^^@^^fe^^ff^^fe^^ff^^fd^^ff
                                                  ^^@^^@^^ff^^ff^^fe^^ff^^fe...
A funny symbol that I can't read has just been input.
Continue, and I'll forget that it ever happened.

! Text line contains an invalid character.
l.1 ...@^^@^^@^^@^^@^^@^^fe^^ff^^fe^^ff^^fd^^ff^^@
                                                  ^^@^^ff^^ff^^fe^^ff^^fe^^f...
A funny symbol that I can't read has just been input.
Continue, and I'll forget that it ever happened.

! Text line contains an invalid character.
l.1 ...@^^@^^@^^@^^@^^fe^^ff^^fe^^ff^^fd^^ff^^@^^@
                                                  ^^ff^^ff^^fe^^ff^^fe^^ff^^...
A funny symbol that I can't read has just been input.
Continue, and I'll forget that it ever happened.

! Text line contains an invalid character.
l.1 ...^^@^^@^^@^^fe^^ff^^fe^^ff^^fd^^ff^^@^^@^^ff
                                                  ^^ff^^fe^^ff^^fe^^ff^^ff^^...
A funny symbol that I can't read has just been input.
Continue, and I'll forget that it ever happened.

! Text line contains an invalid character.
l.1 ...^@^^@^^fe^^ff^^fe^^ff^^fd^^ff^^@^^@^^ff^^ff
                                                  ^^fe^^ff^^fe^^ff^^ff^^ff^^...
A funny symbol that I can't read has just been input.
Continue, and I'll forget that it ever happened.

! Text line contains an invalid character.
l.1 ...@^^fe^^ff^^fe^^ff^^fd^^ff^^@^^@^^ff^^ff^^fe
                                                  ^^ff^^fe^^ff^^ff^^ff^^@^^@...
A funny symbol that I can't read has just been input.
Continue, and I'll forget that it ever happened.

! Text line contains an invalid character.
l.1 ...e^^ff^^fe^^ff^^fd^^ff^^@^^@^^ff^^ff^^fe^^ff
                                                  ^^fe^^ff^^ff^^ff^^@^^@^^@^...
A funny symbol that I can't read has just been input.
Continue, and I'll forget that it ever happened.

! Text line contains an invalid character.
l.1 ...f^^fe^^ff^^fd^^ff^^@^^@^^ff^^ff^^fe^^ff^^fe
                                                  ^^ff^^ff^^ff^^@^^@^^@^^@^^...
A funny symbol that I can't read has just been input.
Continue, and I'll forget that it ever happened.

! Text line contains an invalid character.
l.1 ...e^^ff^^fd^^ff^^@^^@^^ff^^ff^^fe^^ff^^fe^^ff
                                                  ^^ff^^ff^^@^^@^^@^^@^^ff^^...
A funny symbol that I can't read has just been input.
Continue, and I'll forget that it ever happened.

! Text line contains an invalid character.
l.1 ...f^^fd^^ff^^@^^@^^ff^^ff^^fe^^ff^^fe^^ff^^ff
                                                  ^^ff^^@^^@^^@^^@^^ff^^ff^^...
A funny symbol that I can't read has just been input.
Continue, and I'll forget that it ever happened.

! Text line contains an invalid character.
l.1 ...d^^ff^^@^^@^^ff^^ff^^fe^^ff^^fe^^ff^^ff^^ff
                                                  ^^@^^@^^@^^@^^ff^^ff^^fd^^...
A funny symbol that I can't read has just been input.
Continue, and I'll forget that it ever happened.

! Text line contains an invalid character.
l.1 ...ff^^@^^@^^ff^^ff^^fe^^ff^^fe^^ff^^ff^^ff^^@
                                                  ^^@^^@^^@^^ff^^ff^^fd^^ff^...
A funny symbol that I can't read has just been input.
Continue, and I'll forget that it ever happened.

! Text line contains an invalid character.
l.1 ...^@^^@^^ff^^ff^^fe^^ff^^fe^^ff^^ff^^ff^^@^^@
                                                  ^^@^^@^^ff^^ff^^fd^^ff^^@^...
A funny symbol that I can't read has just been input.
Continue, and I'll forget that it ever happened.

! Text line contains an invalid character.
l.1 ...^@^^ff^^ff^^fe^^ff^^fe^^ff^^ff^^ff^^@^^@^^@
                                                  ^^@^^ff^^ff^^fd^^ff^^@^^@^...
A funny symbol that I can't read has just been input.
Continue, and I'll forget that it ever happened.

! Text line contains an invalid character.
l.1 ...^ff^^ff^^fe^^ff^^fe^^ff^^ff^^ff^^@^^@^^@^^@
                                                  ^^ff^^ff^^fd^^ff^^@^^@^^ff...
A funny symbol that I can't read has just been input.
Continue, and I'll forget that it ever happened.

! Text line contains an invalid character.
l.1 ...^ff^^fe^^ff^^fe^^ff^^ff^^ff^^@^^@^^@^^@^^ff
                                                  ^^ff^^fd^^ff^^@^^@^^ff^^ff...
A funny symbol that I can't read has just been input.
Continue, and I'll forget that it ever happened.

! Text line contains an invalid character.
l.1 ...^fe^^ff^^fe^^ff^^ff^^ff^^@^^@^^@^^@^^ff^^ff
                                                  ^^fd^^ff^^@^^@^^ff^^ff^^@^...
A funny symbol that I can't read has just been input.
Continue, and I'll forget that it ever happened.

! Text line contains an invalid character.
l.1 ...^ff^^fe^^ff^^ff^^ff^^@^^@^^@^^@^^ff^^ff^^fd
                                                  ^^ff^^@^^@^^ff^^ff^^@^^@^^...
A funny symbol that I can't read has just been input.
Continue, and I'll forget that it ever happened.

! Text line contains an invalid character.
l.1 ...^fe^^ff^^ff^^ff^^@^^@^^@^^@^^ff^^ff^^fd^^ff
                                                  ^^@^^@^^ff^^ff^^@^^@^^@^^@...
A funny symbol that I can't read has just been input.
Continue, and I'll forget that it ever happened.

! Text line contains an invalid character.
l.1 ...^^ff^^ff^^ff^^@^^@^^@^^@^^ff^^ff^^fd^^ff^^@
                                                  ^^@^^ff^^ff^^@^^@^^@^^@^^f...
A funny symbol that I can't read has just been input.
Continue, and I'll forget that it ever happened.

! Text line contains an invalid character.
l.1 ...f^^ff^^ff^^@^^@^^@^^@^^ff^^ff^^fd^^ff^^@^^@
                                                  ^^ff^^ff^^@^^@^^@^^@^^ff^^...
A funny symbol that I can't read has just been input.
Continue, and I'll forget that it ever happened.

! Text line contains an invalid character.
l.1 ...f^^ff^^@^^@^^@^^@^^ff^^ff^^fd^^ff^^@^^@^^ff
                                                  ^^ff^^@^^@^^@^^@^^ff^^ff^^...
A funny symbol that I can't read has just been input.
Continue, and I'll forget that it ever happened.

! Text line contains an invalid character.
l.1 ...f^^@^^@^^@^^@^^ff^^ff^^fd^^ff^^@^^@^^ff^^ff
                                                  ^^@^^@^^@^^@^^ff^^ff^^fe^^...
A funny symbol that I can't read has just been input.
Continue, and I'll forget that it ever happened.

! Text line contains an invalid character.
l.1 ...@^^@^^@^^@^^ff^^ff^^fd^^ff^^@^^@^^ff^^ff^^@
                                                  ^^@^^@^^@^^ff^^ff^^fe^^ff^...
A funny symbol that I can't read has just been input.
Continue, and I'll forget that it ever happened.

! Text line contains an invalid character.
l.1 ...@^^@^^@^^ff^^ff^^fd^^ff^^@^^@^^ff^^ff^^@^^@
                                                  ^^@^^@^^ff^^ff^^fe^^ff^^@^...
A funny symbol that I can't read has just been input.
Continue, and I'll forget that it ever happened.

! Text line contains an invalid character.
l.1 ...@^^@^^ff^^ff^^fd^^ff^^@^^@^^ff^^ff^^@^^@^^@
                                                  ^^@^^ff^^ff^^fe^^ff^^@^^@^...
A funny symbol that I can't read has just been input.
Continue, and I'll forget that it ever happened.

! Text line contains an invalid character.
l.1 ...@^^ff^^ff^^fd^^ff^^@^^@^^ff^^ff^^@^^@^^@^^@
                                                  ^^ff^^ff^^fe^^ff^^@^^@^^ff...
A funny symbol that I can't read has just been input.
Continue, and I'll forget that it ever happened.

! Text line contains an invalid character.
l.1 ...f^^ff^^fd^^ff^^@^^@^^ff^^ff^^@^^@^^@^^@^^ff
                                                  ^^ff^^fe^^ff^^@^^@^^ff^^ff...
A funny symbol that I can't read has just been input.
Continue, and I'll forget that it ever happened.

! Text line contains an invalid character.
l.1 ...f^^fd^^ff^^@^^@^^ff^^ff^^@^^@^^@^^@^^ff^^ff
                                                  ^^fe^^ff^^@^^@^^ff^^ff^^@^...
A funny symbol that I can't read has just been input.
Continue, and I'll forget that it ever happened.

! Text line contains an invalid character.
l.1 ...d^^ff^^@^^@^^ff^^ff^^@^^@^^@^^@^^ff^^ff^^fe
                                                  ^^ff^^@^^@^^ff^^ff^^@^^@^^...
A funny symbol that I can't read has just been input.
Continue, and I'll forget that it ever happened.

! Text line contains an invalid character.
l.1 ...f^^@^^@^^ff^^ff^^@^^@^^@^^@^^ff^^ff^^fe^^ff
                                                  ^^@^^@^^ff^^ff^^@^^@^^A^^@...
A funny symbol that I can't read has just been input.
Continue, and I'll forget that it ever happened.

! Text line contains an invalid character.
l.1 ...@^^@^^ff^^ff^^@^^@^^@^^@^^ff^^ff^^fe^^ff^^@
                                                  ^^@^^ff^^ff^^@^^@^^A^^@^^A...
A funny symbol that I can't read has just been input.
Continue, and I'll forget that it ever happened.

! Text line contains an invalid character.
l.1 ...@^^ff^^ff^^@^^@^^@^^@^^ff^^ff^^fe^^ff^^@^^@
                                                  ^^ff^^ff^^@^^@^^A^^@^^A^^@...
A funny symbol that I can't read has just been input.
Continue, and I'll forget that it ever happened.

! Text line contains an invalid character.
l.1 ...f^^ff^^@^^@^^@^^@^^ff^^ff^^fe^^ff^^@^^@^^ff
                                                  ^^ff^^@^^@^^A^^@^^A^^@^^A^...
A funny symbol that I can't read has just been input.
Continue, and I'll forget that it ever happened.

! Text line contains an invalid character.
l.1 ...f^^@^^@^^@^^@^^ff^^ff^^fe^^ff^^@^^@^^ff^^ff
                                                  ^^@^^@^^A^^@^^A^^@^^A^^@^^...
A funny symbol that I can't read has just been input.
Continue, and I'll forget that it ever happened.

! Text line contains an invalid character.
l.1 ...@^^@^^@^^@^^ff^^ff^^fe^^ff^^@^^@^^ff^^ff^^@
                                                  ^^@^^A^^@^^A^^@^^A^^@^^@^^...
A funny symbol that I can't read has just been input.
Continue, and I'll forget that it ever happened.

! Text line contains an invalid character.
l.1 ...@^^@^^@^^ff^^ff^^fe^^ff^^@^^@^^ff^^ff^^@^^@
                                                  ^^A^^@^^A^^@^^A^^@^^@^^@^^...
A funny symbol that I can't read has just been input.
Continue, and I'll forget that it ever happened.

! Text line contains an invalid character.
l.1 ...@^^@^^ff^^ff^^fe^^ff^^@^^@^^ff^^ff^^@^^@^^A
                                                  ^^@^^A^^@^^A^^@^^@^^@^^A^^...
A funny symbol that I can't read has just been input.
Continue, and I'll forget that it ever happened.

! Text line contains an invalid character.
l.1 ...@^^ff^^ff^^fe^^ff^^@^^@^^ff^^ff^^@^^@^^A^^@
                                                  ^^A^^@^^A^^@^^@^^@^^A^^@^^...
A funny symbol that I can't read has just been input.
Continue, and I'll forget that it ever happened.

! Text line contains an invalid character.
l.1 ...ff^^ff^^fe^^ff^^@^^@^^ff^^ff^^@^^@^^A^^@^^A
                                                  ^^@^^A^^@^^@^^@^^A^^@^^ff^...
A funny symbol that I can't read has just been input.
Continue, and I'll forget that it ever happened.

! Text line contains an invalid character.
l.1 ...^ff^^fe^^ff^^@^^@^^ff^^ff^^@^^@^^A^^@^^A^^@
                                                  ^^A^^@^^@^^@^^A^^@^^ff^^ff...
A funny symbol that I can't read has just been input.
Continue, and I'll forget that it ever happened.

! Text line contains an invalid character.
l.1 ...^^fe^^ff^^@^^@^^ff^^ff^^@^^@^^A^^@^^A^^@^^A
                                                  ^^@^^@^^@^^A^^@^^ff^^ff^^@...
A funny symbol that I can't read has just been input.
Continue, and I'll forget that it ever happened.

! Text line contains an invalid character.
l.1 ...e^^ff^^@^^@^^ff^^ff^^@^^@^^A^^@^^A^^@^^A^^@
                                                  ^^@^^@^^A^^@^^ff^^ff^^@^^@...
A funny symbol that I can't read has just been input.
Continue, and I'll forget that it ever happened.

! Text line contains an invalid character.
l.1 ...ff^^@^^@^^ff^^ff^^@^^@^^A^^@^^A^^@^^A^^@^^@
                                                  ^^@^^A^^@^^ff^^ff^^@^^@^^@...
A funny symbol that I can't read has just been input.
Continue, and I'll forget that it ever happened.

! Text line contains an invalid character.
l.1 ...^@^^@^^ff^^ff^^@^^@^^A^^@^^A^^@^^A^^@^^@^^@
                                                  ^^A^^@^^ff^^ff^^@^^@^^@^^@...
A funny symbol that I can't read has just been input.
Continue, and I'll forget that it ever happened.

! Text line contains an invalid character.
l.1 ...^@^^ff^^ff^^@^^@^^A^^@^^A^^@^^A^^@^^@^^@^^A
                                                  ^^@^^ff^^ff^^@^^@^^@^^@^^@...
A funny symbol that I can't read has just been input.
Continue, and I'll forget that it ever happened.

! Text line contains an invalid character.
l.1 ...^ff^^ff^^@^^@^^A^^@^^A^^@^^A^^@^^@^^@^^A^^@
                                                  ^^ff^^ff^^@^^@^^@^^@^^@^^@...
A funny symbol that I can't read has just been input.
Continue, and I'll forget that it ever happened.

! Text line contains an invalid character.
l.1 ...^ff^^@^^@^^A^^@^^A^^@^^A^^@^^@^^@^^A^^@^^ff
                                                  ^^ff^^@^^@^^@^^@^^@^^@^^ff...
A funny symbol that I can't read has just been input.
Continue, and I'll forget that it ever happened.

! Text line contains an invalid character.
l.1 ...^@^^@^^A^^@^^A^^@^^A^^@^^@^^@^^A^^@^^ff^^ff
                                                  ^^@^^@^^@^^@^^@^^@^^ff^^ff...
(That makes 100 errors; please try again.)
